<?xml version="1.0" encoding="UTF-8"?>
<!-- Generated by org.testng.reporters.JUnitReportReporter -->
<testsuite hostname="JAYAGANESH" failures="0" tests="4" name="cucumber.TestNGTestRunner" time="31.345" errors="0" timestamp="2024-07-28T17:52:50 IST" skipped="0">
  <testcase classname="cucumber.TestNGTestRunner" name="runScenario" time="13.905"/>
  <testcase classname="cucumber.TestNGTestRunner" name="runScenario" time="12.469"/>
  <testcase classname="cucumber.TestNGTestRunner" name="runScenario" time="2.641"/>
  <testcase classname="cucumber.TestNGTestRunner" name="runScenario" time="2.330"/>
</testsuite> <!-- cucumber.TestNGTestRunner -->
