<?xml version="1.0" encoding="UTF-8"?>
<!-- Generated by org.testng.reporters.JUnitReportReporter -->
<testsuite hostname="JAYAGANESH" failures="0" tests="2" name="SelfLearning.Automation.FrameWork" time="26.925" errors="0" timestamp="2024-07-27T15:51:44 IST" skipped="0">
  <testcase classname="SelfLearning.Automation.FrameWork" name="testOrderSubmission" time="13.174"/>
  <testcase classname="SelfLearning.Automation.FrameWork" name="testOrderSubmission" time="13.751"/>
</testsuite> <!-- SelfLearning.Automation.FrameWork -->
