<?xml version="1.0" encoding="UTF-8"?>
<!-- Generated by org.testng.reporters.JUnitReportReporter -->
<testsuite hostname="JAYAGANESH" failures="0" tests="4" name="cucumber.TestNGTestRunner" time="27.952" errors="0" timestamp="2024-07-28T17:52:00 IST" skipped="0">
  <testcase classname="cucumber.TestNGTestRunner" name="runScenario" time="2.424"/>
  <testcase classname="cucumber.TestNGTestRunner" name="runScenario" time="4.280"/>
  <testcase classname="cucumber.TestNGTestRunner" name="runScenario" time="10.439"/>
  <testcase classname="cucumber.TestNGTestRunner" name="runScenario" time="10.809"/>
</testsuite> <!-- cucumber.TestNGTestRunner -->
