<?xml version="1.0" encoding="UTF-8"?>
<!-- Generated by org.testng.reporters.JUnitReportReporter -->
<testsuite hostname="JAYAGANESH" failures="0" tests="2" name="SelfLearning.Automation.FrameWork" time="20.708" errors="0" timestamp="2024-07-28T10:58:08 IST" skipped="0">
  <testcase classname="SelfLearning.Automation.FrameWork" name="testOrderSubmission" time="10.036"/>
  <testcase classname="SelfLearning.Automation.FrameWork" name="testOrderSubmission" time="10.672"/>
</testsuite> <!-- SelfLearning.Automation.FrameWork -->
