<?xml version="1.0" encoding="UTF-8"?>
<!-- Generated by org.testng.reporters.JUnitReportReporter -->
<testsuite hostname="JAYAGANESH" failures="0" tests="1" name="SelfLearning.Automation.ErrorValidations" time="3.759" errors="0" timestamp="2024-07-28T17:50:36 IST" skipped="0">
  <testcase classname="SelfLearning.Automation.ErrorValidations" name="loginErrorVerification" time="3.759"/>
</testsuite> <!-- SelfLearning.Automation.ErrorValidations -->
